<?xml version="1.0" encoding="UTF-8"?>
<!-- Generated by org.testng.reporters.JUnitReportReporter -->
<testsuite hostname="DESKTOP-91GFJEJ" failures="0" tests="1" name="test_p.Homeshop_Test" time="34.203" errors="0" timestamp="2024-04-25T15:30:51 BST" skipped="0">
  <testcase classname="test_p.Homeshop_Test" name="testt" time="34.203"/>
</testsuite> <!-- test_p.Homeshop_Test -->
